<?xml version="1.0" ?>
<coverage version="7.14.1" timestamp="1780949285741" lines-valid="100" lines-covered="83" line-rate="0.83" branches-covered="0" branches-valid="0" branch-rate="0" complexity="0">
	<!-- Generated by coverage.py: https://coverage.readthedocs.io/en/7.14.1 -->
	<!-- Based on https://raw.githubusercontent.com/cobertura/web/master/htdocs/xml/coverage-04.dtd -->
	<sources>
		<source>/home/rina/PolyAI/services/yolo</source>
	</sources>
	<packages>
		<package name="." line-rate="0.83" branch-rate="0" complexity="0">
			<classes>
				<class name="app.py" filename="app.py" complexity="0" line-rate="0.83" branch-rate="0">
					<methods/>
					<lines>
						<line number="1" hits="1"/>
						<line number="2" hits="1"/>
						<line number="3" hits="1"/>
						<line number="4" hits="1"/>
						<line number="5" hits="1"/>
						<line number="6" hits="1"/>
						<line number="7" hits="1"/>
						<line number="8" hits="1"/>
						<line number="9" hits="1"/>
						<line number="10" hits="1"/>
						<line number="11" hits="1"/>
						<line number="13" hits="1"/>
						<line number="16" hits="1"/>
						<line number="17" hits="1"/>
						<line number="19" hits="1"/>
						<line number="22" hits="1"/>
						<line number="27" hits="1"/>
						<line number="28" hits="1"/>
						<line number="29" hits="1"/>
						<line number="30" hits="1"/>
						<line number="32" hits="0"/>
						<line number="33" hits="0"/>
						<line number="35" hits="1"/>
						<line number="36" hits="1"/>
						<line number="37" hits="1"/>
						<line number="39" hits="1"/>
						<line number="40" hits="1"/>
						<line number="43" hits="1"/>
						<line number="46" hits="1"/>
						<line number="47" hits="1"/>
						<line number="49" hits="1"/>
						<line number="59" hits="1"/>
						<line number="71" hits="1"/>
						<line number="72" hits="1"/>
						<line number="73" hits="1"/>
						<line number="76" hits="1"/>
						<line number="80" hits="1"/>
						<line number="81" hits="1"/>
						<line number="86" hits="1"/>
						<line number="90" hits="1"/>
						<line number="91" hits="1"/>
						<line number="96" hits="1"/>
						<line number="97" hits="1"/>
						<line number="101" hits="1"/>
						<line number="103" hits="1"/>
						<line number="104" hits="1"/>
						<line number="105" hits="1"/>
						<line number="106" hits="1"/>
						<line number="108" hits="1"/>
						<line number="109" hits="1"/>
						<line number="111" hits="1"/>
						<line number="113" hits="1"/>
						<line number="114" hits="1"/>
						<line number="115" hits="1"/>
						<line number="117" hits="1"/>
						<line number="119" hits="1"/>
						<line number="120" hits="1"/>
						<line number="121" hits="1"/>
						<line number="122" hits="1"/>
						<line number="123" hits="1"/>
						<line number="124" hits="1"/>
						<line number="125" hits="1"/>
						<line number="126" hits="1"/>
						<line number="128" hits="1"/>
						<line number="130" hits="1"/>
						<line number="137" hits="1"/>
						<line number="138" hits="1"/>
						<line number="142" hits="0"/>
						<line number="143" hits="0"/>
						<line number="145" hits="0"/>
						<line number="146" hits="0"/>
						<line number="147" hits="0"/>
						<line number="150" hits="0"/>
						<line number="155" hits="0"/>
						<line number="171" hits="1"/>
						<line number="172" hits="1"/>
						<line number="176" hits="0"/>
						<line number="177" hits="0"/>
						<line number="180" hits="0"/>
						<line number="181" hits="0"/>
						<line number="182" hits="0"/>
						<line number="196" hits="1"/>
						<line number="197" hits="1"/>
						<line number="203" hits="1"/>
						<line number="204" hits="1"/>
						<line number="209" hits="1"/>
						<line number="210" hits="1"/>
						<line number="212" hits="1"/>
						<line number="220" hits="1"/>
						<line number="222" hits="1"/>
						<line number="223" hits="1"/>
						<line number="229" hits="1"/>
						<line number="243" hits="1"/>
						<line number="258" hits="1"/>
						<line number="259" hits="1"/>
						<line number="263" hits="1"/>
						<line number="265" hits="1"/>
						<line number="266" hits="0"/>
						<line number="268" hits="0"/>
						<line number="270" hits="0"/>
					</lines>
				</class>
			</classes>
		</package>
	</packages>
</coverage>
